<?xml version="1.0" encoding="UTF-8"?>
<testsuite xmlns:xsi="http://www.w3.org/2001/XMLSchema-instance" xsi:noNamespaceSchemaLocation="https://maven.apache.org/surefire/maven-surefire-plugin/xsd/surefire-test-report-3.0.xsd" version="3.0" name="TestSuite" time="66.726" tests="5" errors="0" skipped="0" failures="0">
  <properties>
[...]
</properties>
  <testcase name="runScenario[&quot;Admin Login with Valid Data&quot;, &quot;OrangeHRMS Admin Login&quot;](1)" classname="testrunners.AdminLoginTest" time="18.896">
    <system-out><![CDATA[Login Page Displayed
Admin Module displayed
Login Page Displayed
]]></system-out>
    <system-err><![CDATA[SLF4J: Failed to load class "org.slf4j.impl.StaticLoggerBinder".
SLF4J: Defaulting to no-operation (NOP) logger implementation
SLF4J: See http://www.slf4j.org/codes.html#StaticLoggerBinder for further details.
Oct 09, 2023 7:25:29 PM org.openqa.selenium.remote.tracing.opentelemetry.OpenTelemetryTracer createTracer
INFO: Using OpenTelemetry for tracing
]]></system-err>
  </testcase>
  <testcase name="runScenario[&quot;Admin Login with Invalid Credentials&quot;, &quot;OrangeHRMS Admin Login&quot;](2)" classname="testrunners.AdminLoginTest" time="8.816">
    <system-out><![CDATA[Login Page Displayed
Approprite message displayed
]]></system-out>
  </testcase>
  <testcase name="runScenario[&quot;Admin Login with Invalid Credentials&quot;, &quot;OrangeHRMS Admin Login&quot;](3)" classname="testrunners.AdminLoginTest" time="7.947">
    <system-out><![CDATA[Login Page Displayed
Approprite message displayed
]]></system-out>
  </testcase>
  <testcase name="runScenario[&quot;Admin Login with Invalid Credentials&quot;, &quot;OrangeHRMS Admin Login&quot;](4)" classname="testrunners.AdminLoginTest" time="8.257">
    <system-out><![CDATA[Login Page Displayed
Approprite message displayed
]]></system-out>
  </testcase>
  <testcase name="runScenario[&quot;New employee creation&quot;, &quot;New Emp creation&quot;](1)" classname="testrunners.empCreationTest" time="17.776">
    <system-out><![CDATA[Login Page Displayed
Admin Module displayed
emp code is  4160
Col count is  :8
Newly created emp found
Login Page Displayed
]]></system-out>
    <system-err><![CDATA[Oct 09, 2023 7:26:14 PM tech.grasshopper.pdf.PDFCucumberReport collectReportConfiguration
INFO: PDF report configuration YAML file not found. Using default settings.
]]></system-err>
  </testcase>
</testsuite>