<?xml version="1.0" encoding="UTF-8"?>
<testng-results ignored="0" total="5" passed="5" failed="0" skipped="0">
  <reporter-output>
  </reporter-output>
  <suite started-at="2023-10-10T12:00:39 IST" name="Orange HRMS with Cucumber" finished-at="2023-10-10T12:01:41 IST" duration-ms="61610">
    <groups>
      <group name="cucumber">
        <method signature="AbstractTestNGCucumberTests.runScenario(io.cucumber.testng.PickleWrapper,io.cucumber.testng.FeatureWrapper)[pri:0, instance:testrunners.AdminLoginTest@7188af83]" name="runScenario" class="io.cucumber.testng.AbstractTestNGCucumberTests"/>
        <method signature="AbstractTestNGCucumberTests.runScenario(io.cucumber.testng.PickleWrapper,io.cucumber.testng.FeatureWrapper)[pri:0, instance:testrunners.empCreationTest@6e535154]" name="runScenario" class="io.cucumber.testng.AbstractTestNGCucumberTests"/>
      </group> <!-- cucumber -->
    </groups>
    <test started-at="2023-10-10T12:00:39 IST" name="admin login test cases" finished-at="2023-10-10T12:01:23 IST" duration-ms="43845">
      <class name="testrunners.AdminLoginTest">
        <test-method is-config="true" signature="setUpClass(org.testng.ITestContext)[pri:0, instance:testrunners.AdminLoginTest@7188af83]" started-at="2023-10-10T12:00:39 IST" name="setUpClass" finished-at="2023-10-10T12:00:40 IST" duration-ms="892" status="PASS">
          <params>
            <param index="0">
              <value>
                <![CDATA[org.testng.TestRunner@7305cfb1]]>
              </value>
            </param>
          </params>
          <reporter-output>
          </reporter-output>
        </test-method> <!-- setUpClass -->
        <test-method signature="runScenario(io.cucumber.testng.PickleWrapper,io.cucumber.testng.FeatureWrapper)[pri:0, instance:testrunners.AdminLoginTest@7188af83]" started-at="2023-10-10T12:00:40 IST" name="runScenario" description="Runs Cucumber Scenarios" data-provider="scenarios" finished-at="2023-10-10T12:00:57 IST" duration-ms="16537" status="PASS">
          <params>
            <param index="0">
              <value>
                <![CDATA["Admin Login with Valid Data"]]>
              </value>
            </param>
            <param index="1">
              <value>
                <![CDATA["OrangeHRMS Admin Login"]]>
              </value>
            </param>
          </params>
          <reporter-output>
          </reporter-output>
        </test-method> <!-- runScenario -->
        <test-method signature="runScenario(io.cucumber.testng.PickleWrapper,io.cucumber.testng.FeatureWrapper)[pri:0, instance:testrunners.AdminLoginTest@7188af83]" started-at="2023-10-10T12:00:57 IST" name="runScenario" description="Runs Cucumber Scenarios" data-provider="scenarios" finished-at="2023-10-10T12:01:04 IST" duration-ms="7798" status="PASS">
          <params>
            <param index="0">
              <value>
                <![CDATA["Admin Login with Invalid Credentials"]]>
              </value>
            </param>
            <param index="1">
              <value>
                <![CDATA["OrangeHRMS Admin Login"]]>
              </value>
            </param>
          </params>
          <reporter-output>
          </reporter-output>
        </test-method> <!-- runScenario -->
        <test-method signature="runScenario(io.cucumber.testng.PickleWrapper,io.cucumber.testng.FeatureWrapper)[pri:0, instance:testrunners.AdminLoginTest@7188af83]" started-at="2023-10-10T12:01:04 IST" name="runScenario" description="Runs Cucumber Scenarios" data-provider="scenarios" finished-at="2023-10-10T12:01:12 IST" duration-ms="7798" status="PASS">
          <params>
            <param index="0">
              <value>
                <![CDATA["Admin Login with Invalid Credentials"]]>
              </value>
            </param>
            <param index="1">
              <value>
                <![CDATA["OrangeHRMS Admin Login"]]>
              </value>
            </param>
          </params>
          <reporter-output>
          </reporter-output>
        </test-method> <!-- runScenario -->
        <test-method signature="runScenario(io.cucumber.testng.PickleWrapper,io.cucumber.testng.FeatureWrapper)[pri:0, instance:testrunners.AdminLoginTest@7188af83]" started-at="2023-10-10T12:01:12 IST" name="runScenario" description="Runs Cucumber Scenarios" data-provider="scenarios" finished-at="2023-10-10T12:01:20 IST" duration-ms="8312" status="PASS">
          <params>
            <param index="0">
              <value>
                <![CDATA["Admin Login with Invalid Credentials"]]>
              </value>
            </param>
            <param index="1">
              <value>
                <![CDATA["OrangeHRMS Admin Login"]]>
              </value>
            </param>
          </params>
          <reporter-output>
          </reporter-output>
        </test-method> <!-- runScenario -->
        <test-method is-config="true" signature="tearDownClass()[pri:0, instance:testrunners.AdminLoginTest@7188af83]" started-at="2023-10-10T12:01:20 IST" name="tearDownClass" finished-at="2023-10-10T12:01:23 IST" duration-ms="2420" status="PASS">
          <reporter-output>
          </reporter-output>
        </test-method> <!-- tearDownClass -->
      </class> <!-- testrunners.AdminLoginTest -->
    </test> <!-- admin login test cases -->
    <test started-at="2023-10-10T12:01:23 IST" name="Emp creation Test case" finished-at="2023-10-10T12:01:41 IST" duration-ms="17724">
      <class name="testrunners.empCreationTest">
        <test-method is-config="true" signature="setUpClass(org.testng.ITestContext)[pri:0, instance:testrunners.empCreationTest@6e535154]" started-at="2023-10-10T12:01:23 IST" name="setUpClass" finished-at="2023-10-10T12:01:23 IST" duration-ms="12" status="PASS">
          <params>
            <param index="0">
              <value>
                <![CDATA[org.testng.TestRunner@582c1f8d]]>
              </value>
            </param>
          </params>
          <reporter-output>
          </reporter-output>
        </test-method> <!-- setUpClass -->
        <test-method signature="runScenario(io.cucumber.testng.PickleWrapper,io.cucumber.testng.FeatureWrapper)[pri:0, instance:testrunners.empCreationTest@6e535154]" started-at="2023-10-10T12:01:23 IST" name="runScenario" description="Runs Cucumber Scenarios" data-provider="scenarios" finished-at="2023-10-10T12:01:40 IST" duration-ms="17155" status="PASS">
          <params>
            <param index="0">
              <value>
                <![CDATA["New employee creation"]]>
              </value>
            </param>
            <param index="1">
              <value>
                <![CDATA["New Emp creation"]]>
              </value>
            </param>
          </params>
          <reporter-output>
          </reporter-output>
        </test-method> <!-- runScenario -->
        <test-method is-config="true" signature="tearDownClass()[pri:0, instance:testrunners.empCreationTest@6e535154]" started-at="2023-10-10T12:01:40 IST" name="tearDownClass" finished-at="2023-10-10T12:01:41 IST" duration-ms="553" status="PASS">
          <reporter-output>
          </reporter-output>
        </test-method> <!-- tearDownClass -->
      </class> <!-- testrunners.empCreationTest -->
    </test> <!-- Emp creation Test case -->
  </suite> <!-- Orange HRMS with Cucumber -->
</testng-results>
