<?xml version="1.0" encoding="UTF-8"?>
<testng-results ignored="0" total="5" passed="5" failed="0" skipped="0">
  <reporter-output>
  </reporter-output>
  <suite started-at="2023-10-09T17:31:59 IST" name="Orange HRMS with Cucumber" finished-at="2023-10-09T17:32:44 IST" duration-ms="45336">
    <groups>
      <group name="cucumber">
        <method signature="AbstractTestNGCucumberTests.runScenario(io.cucumber.testng.PickleWrapper,io.cucumber.testng.FeatureWrapper)[pri:0, instance:testrunners.AdminLoginTest@7188af83]" name="runScenario" class="io.cucumber.testng.AbstractTestNGCucumberTests"/>
        <method signature="AbstractTestNGCucumberTests.runScenario(io.cucumber.testng.PickleWrapper,io.cucumber.testng.FeatureWrapper)[pri:0, instance:testrunners.empCreationTest@6e535154]" name="runScenario" class="io.cucumber.testng.AbstractTestNGCucumberTests"/>
      </group> <!-- cucumber -->
    </groups>
    <test started-at="2023-10-09T17:31:59 IST" name="admin login test cases" finished-at="2023-10-09T17:32:31 IST" duration-ms="31789">
      <class name="testrunners.AdminLoginTest">
        <test-method is-config="true" signature="setUpClass(org.testng.ITestContext)[pri:0, instance:testrunners.AdminLoginTest@7188af83]" started-at="2023-10-09T17:31:59 IST" name="setUpClass" finished-at="2023-10-09T17:32:00 IST" duration-ms="503" status="PASS">
          <params>
            <param index="0">
              <value>
                <![CDATA[org.testng.TestRunner@7305cfb1]]>
              </value>
            </param>
          </params>
          <reporter-output>
          </reporter-output>
        </test-method> <!-- setUpClass -->
        <test-method signature="runScenario(io.cucumber.testng.PickleWrapper,io.cucumber.testng.FeatureWrapper)[pri:0, instance:testrunners.AdminLoginTest@7188af83]" started-at="2023-10-09T17:32:00 IST" name="runScenario" description="Runs Cucumber Scenarios" data-provider="scenarios" finished-at="2023-10-09T17:32:10 IST" duration-ms="10073" status="PASS">
          <params>
            <param index="0">
              <value>
                <![CDATA["Admin Login with Valid Data"]]>
              </value>
            </param>
            <param index="1">
              <value>
                <![CDATA["OrangeHRMS Admin Login"]]>
              </value>
            </param>
          </params>
          <reporter-output>
          </reporter-output>
        </test-method> <!-- runScenario -->
        <test-method signature="runScenario(io.cucumber.testng.PickleWrapper,io.cucumber.testng.FeatureWrapper)[pri:0, instance:testrunners.AdminLoginTest@7188af83]" started-at="2023-10-09T17:32:10 IST" name="runScenario" description="Runs Cucumber Scenarios" data-provider="scenarios" finished-at="2023-10-09T17:32:16 IST" duration-ms="6512" status="PASS">
          <params>
            <param index="0">
              <value>
                <![CDATA["Admin Login with Invalid Credentials"]]>
              </value>
            </param>
            <param index="1">
              <value>
                <![CDATA["OrangeHRMS Admin Login"]]>
              </value>
            </param>
          </params>
          <reporter-output>
          </reporter-output>
        </test-method> <!-- runScenario -->
        <test-method signature="runScenario(io.cucumber.testng.PickleWrapper,io.cucumber.testng.FeatureWrapper)[pri:0, instance:testrunners.AdminLoginTest@7188af83]" started-at="2023-10-09T17:32:16 IST" name="runScenario" description="Runs Cucumber Scenarios" data-provider="scenarios" finished-at="2023-10-09T17:32:22 IST" duration-ms="6004" status="PASS">
          <params>
            <param index="0">
              <value>
                <![CDATA["Admin Login with Invalid Credentials"]]>
              </value>
            </param>
            <param index="1">
              <value>
                <![CDATA["OrangeHRMS Admin Login"]]>
              </value>
            </param>
          </params>
          <reporter-output>
          </reporter-output>
        </test-method> <!-- runScenario -->
        <test-method signature="runScenario(io.cucumber.testng.PickleWrapper,io.cucumber.testng.FeatureWrapper)[pri:0, instance:testrunners.AdminLoginTest@7188af83]" started-at="2023-10-09T17:32:22 IST" name="runScenario" description="Runs Cucumber Scenarios" data-provider="scenarios" finished-at="2023-10-09T17:32:28 IST" duration-ms="6136" status="PASS">
          <params>
            <param index="0">
              <value>
                <![CDATA["Admin Login with Invalid Credentials"]]>
              </value>
            </param>
            <param index="1">
              <value>
                <![CDATA["OrangeHRMS Admin Login"]]>
              </value>
            </param>
          </params>
          <reporter-output>
          </reporter-output>
        </test-method> <!-- runScenario -->
        <test-method is-config="true" signature="tearDownClass()[pri:0, instance:testrunners.AdminLoginTest@7188af83]" started-at="2023-10-09T17:32:28 IST" name="tearDownClass" finished-at="2023-10-09T17:32:31 IST" duration-ms="2470" status="PASS">
          <reporter-output>
          </reporter-output>
        </test-method> <!-- tearDownClass -->
      </class> <!-- testrunners.AdminLoginTest -->
    </test> <!-- admin login test cases -->
    <test started-at="2023-10-09T17:32:31 IST" name="Emp creation Test case" finished-at="2023-10-09T17:32:44 IST" duration-ms="13516">
      <class name="testrunners.empCreationTest">
        <test-method is-config="true" signature="setUpClass(org.testng.ITestContext)[pri:0, instance:testrunners.empCreationTest@6e535154]" started-at="2023-10-09T17:32:31 IST" name="setUpClass" finished-at="2023-10-09T17:32:31 IST" duration-ms="8" status="PASS">
          <params>
            <param index="0">
              <value>
                <![CDATA[org.testng.TestRunner@582c1f8d]]>
              </value>
            </param>
          </params>
          <reporter-output>
          </reporter-output>
        </test-method> <!-- setUpClass -->
        <test-method signature="runScenario(io.cucumber.testng.PickleWrapper,io.cucumber.testng.FeatureWrapper)[pri:0, instance:testrunners.empCreationTest@6e535154]" started-at="2023-10-09T17:32:31 IST" name="runScenario" description="Runs Cucumber Scenarios" data-provider="scenarios" finished-at="2023-10-09T17:32:44 IST" duration-ms="12773" status="PASS">
          <params>
            <param index="0">
              <value>
                <![CDATA["New employee creation"]]>
              </value>
            </param>
            <param index="1">
              <value>
                <![CDATA["New Emp creation"]]>
              </value>
            </param>
          </params>
          <reporter-output>
          </reporter-output>
        </test-method> <!-- runScenario -->
        <test-method is-config="true" signature="tearDownClass()[pri:0, instance:testrunners.empCreationTest@6e535154]" started-at="2023-10-09T17:32:44 IST" name="tearDownClass" finished-at="2023-10-09T17:32:44 IST" duration-ms="728" status="PASS">
          <reporter-output>
          </reporter-output>
        </test-method> <!-- tearDownClass -->
      </class> <!-- testrunners.empCreationTest -->
    </test> <!-- Emp creation Test case -->
  </suite> <!-- Orange HRMS with Cucumber -->
</testng-results>
